reading refs.json...
N=3000000
fresh init via std::sample (K=1700)
training k-means: K=1700 T=200 DIM=14 N=3000000 resume_from=0 eps=1e-06
  iter 1/200  took=9703ms  total=9s  move=133.425
  iter 2/200  took=9789ms  total=19s  move=48.6083
  iter 3/200  took=9787ms  total=29s  move=31.4548
  iter 4/200  took=9797ms  total=39s  move=23.4295
  iter 5/200  took=9764ms  total=48s  move=19.0389
  iter 6/200  took=9765ms  total=58s  move=15.9215
  iter 7/200  took=9793ms  total=68s  move=13.4283
  iter 8/200  took=9739ms  total=78s  move=11.8449
  iter 9/200  took=9839ms  total=87s  move=10.2463
  iter 10/200  took=9778ms  total=97s  move=8.83878
  iter 11/200  took=9787ms  total=107s  move=7.73469
  iter 12/200  took=9817ms  total=117s  move=6.96062
  iter 13/200  took=9848ms  total=127s  move=6.27021
  iter 14/200  took=9857ms  total=137s  move=5.72392
  iter 15/200  took=9839ms  total=146s  move=5.25063
  iter 16/200  took=9802ms  total=156s  move=4.83204
  iter 17/200  took=9824ms  total=166s  move=4.56532
  iter 18/200  took=9811ms  total=176s  move=4.25212
  iter 19/200  took=9824ms  total=186s  move=3.94844
  iter 20/200  took=9810ms  total=195s  move=3.6635
  iter 21/200  took=9832ms  total=205s  move=3.43804
  iter 22/200  took=9889ms  total=215s  move=3.20788
  iter 23/200  took=9838ms  total=225s  move=3.01241
  iter 24/200  took=9882ms  total=235s  move=2.75069
  iter 25/200  took=9864ms  total=245s  move=2.57594
  iter 26/200  took=9896ms  total=255s  move=2.4583
  iter 27/200  took=9809ms  total=265s  move=2.53772
  iter 28/200  took=9878ms  total=274s  move=2.39947
  iter 29/200  took=9901ms  total=284s  move=2.33061
  iter 30/200  took=9840ms  total=294s  move=2.23628
  iter 31/200  took=9850ms  total=304s  move=2.13025
  iter 32/200  took=9794ms  total=314s  move=1.97558
  iter 33/200  took=9865ms  total=324s  move=1.90118
  iter 34/200  took=9908ms  total=334s  move=1.81064
  iter 35/200  took=9850ms  total=343s  move=1.7618
  iter 36/200  took=9892ms  total=353s  move=1.74421
  iter 37/200  took=9860ms  total=363s  move=1.86027
  iter 38/200  took=9865ms  total=373s  move=1.78322
  iter 39/200  took=9860ms  total=383s  move=1.70378
  iter 40/200  took=9842ms  total=393s  move=1.58953
  iter 41/200  took=9890ms  total=403s  move=1.46455
  iter 42/200  took=9861ms  total=412s  move=1.37689
  iter 43/200  took=9862ms  total=422s  move=1.29327
  iter 44/200  took=9843ms  total=432s  move=1.26638
  iter 45/200  took=9833ms  total=442s  move=1.22961
  iter 46/200  took=9862ms  total=452s  move=1.20227
  iter 47/200  took=9882ms  total=462s  move=1.1644
  iter 48/200  took=9896ms  total=472s  move=1.13623
  iter 49/200  took=9917ms  total=482s  move=1.09154
  iter 50/200  took=9834ms  total=491s  move=1.04406
  iter 51/200  took=9814ms  total=501s  move=1.01829
  iter 52/200  took=9831ms  total=511s  move=0.995581
  iter 53/200  took=9858ms  total=521s  move=0.978984
  iter 54/200  took=9845ms  total=531s  move=0.965657
  iter 55/200  took=9830ms  total=541s  move=0.95199
  iter 56/200  took=9825ms  total=550s  move=0.913342
  iter 57/200  took=9841ms  total=560s  move=0.915132
  iter 58/200  took=9827ms  total=570s  move=0.891854
  iter 59/200  took=9836ms  total=580s  move=0.877279
  iter 60/200  took=9823ms  total=590s  move=0.865358
  iter 61/200  took=9832ms  total=600s  move=0.856324
  iter 62/200  took=9870ms  total=609s  move=0.835456
  iter 63/200  took=9948ms  total=619s  move=0.811553
  iter 64/200  took=9848ms  total=629s  move=0.786125
  iter 65/200  took=9856ms  total=639s  move=0.782158
  iter 66/200  took=9837ms  total=649s  move=0.780243
  iter 67/200  took=9846ms  total=659s  move=0.771012
  iter 68/200  took=9844ms  total=669s  move=0.755165
  iter 69/200  took=9865ms  total=679s  move=0.726692
  iter 70/200  took=9859ms  total=688s  move=0.700978
  iter 71/200  took=9888ms  total=698s  move=0.697535
  iter 72/200  took=9876ms  total=708s  move=0.694529
  iter 73/200  took=9896ms  total=718s  move=0.669038
  iter 74/200  took=9901ms  total=728s  move=0.663147
  iter 75/200  took=9835ms  total=738s  move=0.65929
  iter 76/200  took=9872ms  total=748s  move=0.628664
  iter 77/200  took=9807ms  total=757s  move=0.593848
  iter 78/200  took=9825ms  total=767s  move=0.579838
  iter 79/200  took=9823ms  total=777s  move=0.55924
  iter 80/200  took=9838ms  total=787s  move=0.543787
  iter 81/200  took=9870ms  total=797s  move=0.543672
  iter 82/200  took=9885ms  total=807s  move=0.551258
  iter 83/200  took=9925ms  total=817s  move=0.543617
  iter 84/200  took=9880ms  total=827s  move=0.540602
  iter 85/200  took=9902ms  total=836s  move=0.52445
  iter 86/200  took=9890ms  total=846s  move=0.497458
  iter 87/200  took=9895ms  total=856s  move=0.495777
  iter 88/200  took=9840ms  total=866s  move=0.496539
  iter 89/200  took=9825ms  total=876s  move=0.492364
  iter 90/200  took=9869ms  total=886s  move=0.467378
  iter 91/200  took=9842ms  total=896s  move=0.461133
  iter 92/200  took=9845ms  total=905s  move=0.442689
  iter 93/200  took=9931ms  total=915s  move=0.43355
  iter 94/200  took=9960ms  total=925s  move=0.423174
  iter 95/200  took=10026ms  total=935s  move=0.403418
  iter 96/200  took=10004ms  total=945s  move=0.39192
  iter 97/200  took=9847ms  total=955s  move=0.384906
  iter 98/200  took=9880ms  total=965s  move=0.374214
  iter 99/200  took=9855ms  total=975s  move=0.358214
  iter 100/200  took=9845ms  total=985s  move=0.337114
  iter 101/200  took=9849ms  total=995s  move=0.319995
  iter 102/200  took=9880ms  total=1005s  move=0.317122
  iter 103/200  took=9972ms  total=1014s  move=0.30414
  iter 104/200  took=9913ms  total=1024s  move=0.305309
  iter 105/200  took=9847ms  total=1034s  move=0.298535
  iter 106/200  took=9866ms  total=1044s  move=0.288459
  iter 107/200  took=9844ms  total=1054s  move=0.296801
  iter 108/200  took=9883ms  total=1064s  move=0.291171
  iter 109/200  took=9880ms  total=1074s  move=0.273045
  iter 110/200  took=9907ms  total=1084s  move=0.269919
  iter 111/200  took=9878ms  total=1094s  move=0.263328
  iter 112/200  took=9881ms  total=1103s  move=0.264309
  iter 113/200  took=9902ms  total=1113s  move=0.266261
  iter 114/200  took=9898ms  total=1123s  move=0.259117
  iter 115/200  took=9895ms  total=1133s  move=0.254971
  iter 116/200  took=9969ms  total=1143s  move=0.239558
  iter 117/200  took=9949ms  total=1153s  move=0.227826
  iter 118/200  took=9944ms  total=1163s  move=0.226005
  iter 119/200  took=9959ms  total=1173s  move=0.23111
  iter 120/200  took=9890ms  total=1183s  move=0.23117
  iter 121/200  took=9845ms  total=1193s  move=0.217318
  iter 122/200  took=9885ms  total=1203s  move=0.206574
  iter 123/200  took=9851ms  total=1212s  move=0.20693
  iter 124/200  took=9826ms  total=1222s  move=0.204401
  iter 125/200  took=9884ms  total=1232s  move=0.207195
  iter 126/200  took=9867ms  total=1242s  move=0.203927
  iter 127/200  took=9819ms  total=1252s  move=0.201875
  iter 128/200  took=9845ms  total=1262s  move=0.19873
  iter 129/200  took=9887ms  total=1272s  move=0.197419
  iter 130/200  took=9859ms  total=1281s  move=0.201998
  iter 131/200  took=9913ms  total=1291s  move=0.201503
  iter 132/200  took=9949ms  total=1301s  move=0.203584
  iter 133/200  took=9959ms  total=1311s  move=0.198457
  iter 134/200  took=9879ms  total=1321s  move=0.200193
  iter 135/200  took=9880ms  total=1331s  move=0.208063
  iter 136/200  took=9894ms  total=1341s  move=0.213531
  iter 137/200  took=9904ms  total=1351s  move=0.220187
  iter 138/200  took=9945ms  total=1361s  move=0.212478
  iter 139/200  took=9983ms  total=1371s  move=0.208196
  iter 140/200  took=9882ms  total=1381s  move=0.215088
  iter 141/200  took=9856ms  total=1390s  move=0.220682
  iter 142/200  took=9844ms  total=1400s  move=0.22576
  iter 143/200  took=9926ms  total=1410s  move=0.216372
  iter 144/200  took=9827ms  total=1420s  move=0.223524
  iter 145/200  took=9841ms  total=1430s  move=0.216838
  iter 146/200  took=9867ms  total=1440s  move=0.219229
  iter 147/200  took=9900ms  total=1450s  move=0.215518
  iter 148/200  took=9836ms  total=1459s  move=0.20996
  iter 149/200  took=9867ms  total=1469s  move=0.207345
  iter 150/200  took=9885ms  total=1479s  move=0.201037
  iter 151/200  took=9833ms  total=1489s  move=0.191798
  iter 152/200  took=9870ms  total=1499s  move=0.183736
  iter 153/200  took=9826ms  total=1509s  move=0.174401
  iter 154/200  took=9808ms  total=1519s  move=0.184646
  iter 155/200  took=9903ms  total=1528s  move=0.182101
  iter 156/200  took=9910ms  total=1538s  move=0.187166
  iter 157/200  took=9878ms  total=1548s  move=0.182837
  iter 158/200  took=9859ms  total=1558s  move=0.176124
  iter 159/200  took=9886ms  total=1568s  move=0.183188
  iter 160/200  took=9894ms  total=1578s  move=0.1931
  iter 161/200  took=9833ms  total=1588s  move=0.196067
  iter 162/200  took=9858ms  total=1598s  move=0.192168
  iter 163/200  took=9799ms  total=1607s  move=0.198473
  iter 164/200  took=9824ms  total=1617s  move=0.204034
  iter 165/200  took=9875ms  total=1627s  move=0.19488
  iter 166/200  took=9837ms  total=1637s  move=0.194717
  iter 167/200  took=9825ms  total=1647s  move=0.191883
  iter 168/200  took=9826ms  total=1657s  move=0.19713
  iter 169/200  took=9849ms  total=1666s  move=0.204226
  iter 170/200  took=9842ms  total=1676s  move=0.198658
  iter 171/200  took=9868ms  total=1686s  move=0.221615
  iter 172/200  took=9887ms  total=1696s  move=0.238731
  iter 173/200  took=9895ms  total=1706s  move=0.236799
  iter 174/200  took=9927ms  total=1716s  move=0.242384
  iter 175/200  took=10019ms  total=1726s  move=0.253292
  iter 176/200  took=9939ms  total=1736s  move=0.269468
  iter 177/200  took=9840ms  total=1746s  move=0.293131
  iter 178/200  took=9817ms  total=1756s  move=0.31747
  iter 179/200  took=9840ms  total=1765s  move=0.342868
  iter 180/200  took=9827ms  total=1775s  move=0.349614
  iter 181/200  took=9787ms  total=1785s  move=0.328772
  iter 182/200  took=9816ms  total=1795s  move=0.312155
  iter 183/200  took=9851ms  total=1805s  move=0.312731
  iter 184/200  took=9849ms  total=1814s  move=0.283647
  iter 185/200  took=9867ms  total=1824s  move=0.254933
  iter 186/200  took=9847ms  total=1834s  move=0.231164
  iter 187/200  took=9835ms  total=1844s  move=0.205497
  iter 188/200  took=9858ms  total=1854s  move=0.18644
  iter 189/200  took=9833ms  total=1864s  move=0.175343
  iter 190/200  took=9842ms  total=1874s  move=0.16491
  iter 191/200  took=9819ms  total=1883s  move=0.160998
  iter 192/200  took=9804ms  total=1893s  move=0.154381
  iter 193/200  took=9843ms  total=1903s  move=0.154152
  iter 194/200  took=9798ms  total=1913s  move=0.156433
  iter 195/200  took=9849ms  total=1923s  move=0.141557
  iter 196/200  took=9848ms  total=1933s  move=0.122892
  iter 197/200  took=9798ms  total=1942s  move=0.119812
  iter 198/200  took=9801ms  total=1952s  move=0.110528
  iter 199/200  took=9848ms  total=1962s  move=0.114073
  iter 200/200  took=9818ms  total=1972s  move=0.115309
done. checkpoint at centroids.f32.bin. run `build_ivf <references.json>` to produce ivf.bin.
